recv: Connection reset by peer
socket success
bind success
listen success

Charging (1 h 40 m until full):
9% (1 h 40 m until full)
Charging will stop at 80% to protect your battery.
Charging (1 h 40 m until full):
8% (1 h 40 m until full)
Charging will stop at 80% to protect your battery.

Charging (1 h 39 m until full):
9% (1 h 39 m until full)
Charging will stop at 80% to protect your battery.

11 ВК: Оксана Положкова:
У кого долг по ОБиЗР, находит учителя в школе и пишет работу, но завтра и послезавтра, а там а/з может быть!

null:
null

recv: Connection reset by peer
Йохан:
390 GB free of 637 GB

Йохан:
Это чтоб не проебать раздел

Alarm:
Alarm set for 19:00. Select to cancel.

Alarm snoozed:
Alarm will sound at 19:05.

Йохан:
Я устал босс

recv: Connection reset by peer
Judrina Inf:
Без проблем, родной

Йохан:
Я устал босс

Alarm:
Alarm set for 19:05. Select to cancel.

Йохан:
https://youtu.be/-hAdaOz5ANY?si=mWn8DDWsIBSc4QW5

Galaxy Store:
Downloading application…

Photo Editor:
29.57MB / 61.36MB

Photo Editor:
56.88MB / 61.36MB

Photo Editor:
61.36MB / 61.36MB

Galaxy Store:
Downloading application…

Samsung Wallet Digital Key:
10.63MB / 10.63MB

Galaxy Store:
Downloading application…

Galaxy Store:
Downloading application…

T-Инвестиции:
36.58MB / 49.59MB

T-Инвестиции:
49.59MB / 49.59MB

🚀 Rainhoe is taking off:
Over 3,500 viewers are watching their Planet Crafter stream - join the spike!

Йохан:
если мелким почерком

Screenshot saved:
Tap here to see your screenshot.

Йохан:
лям страниц

Йохан:
на странице

Screenshot saved:
Tap here to see your screenshot.

Йохан:
Бесценный

Йохан:
и безвесныф

Йохан:
и безвесный

Йохан:
или как

Йохан:
сказать

Start on port 8080
Charging (49 m until full):
45% (49 m until full)
Charging will stop at 80% to protect your battery.

Charging (49 m until full):
45% (49 m until full)
Charging will stop at 80% to protect your battery.

Charging (49 m until full):
45% (49 m until full)
Charging will stop at 80% to protect your battery.

Charging (48 m until full):
46% (48 m until full)
Charging will stop at 80% to protect your battery.

recv: Connection reset by peer
Charging (48 m until full):
46% (48 m until full)
Charging will stop at 80% to protect your battery.

Charging (48 m until full):
46% (48 m until full)
Charging will stop at 80% to protect your battery.

Charging (48 m until full):
46% (48 m until full)
Charging will stop at 80% to protect your battery.

Charging (48 m until full):
46% (48 m until full)
Charging will stop at 80% to protect your battery.

Charging (47 m until full):
46% (47 m until full)
Charging will stop at 80% to protect your battery.

Charging (47 m until full):
46% (47 m until full)
Charging will stop at 80% to protect your battery.

Charging (47 m until full):
47% (47 m until full)
Charging will stop at 80% to protect your battery.

Charging (47 m until full):
47% (47 m until full)
Charging will stop at 80% to protect your battery.

Charging (47 m until full):
47% (47 m until full)
Charging will stop at 80% to protect your battery.

recv: Connection reset by peer
null:
null
Turn off your upcoming alarm?:
17:30

Charging (46 m until full):
47% (46 m until full)
Charging will stop at 80% to protect your battery.

Charging (46 m until full):
47% (46 m until full)
Charging will stop at 80% to protect your battery.

Charging (46 m until full):
47% (46 m until full)
Charging will stop at 80% to protect your battery.

Charging (46 m until full):
47% (46 m until full)
Charging will stop at 80% to protect your battery.

Charging (46 m until full):
47% (46 m until full)
Charging will stop at 80% to protect your battery.

Charging (46 m until full):
48% (46 m until full)
Charging will stop at 80% to protect your battery.

Charging started (44 m until full):
47% (44 m until full)
Charging will stop at 80% to protect your battery.

Charging (44 m until full):
47% (44 m until full)
Charging will stop at 80% to protect your battery.

Charging (44 m until full):
47% (44 m until full)
Charging will stop at 80% to protect your battery.

Charging (44 m until full):
47% (44 m until full)
Charging will stop at 80% to protect your battery.

Charging (44 m until full):
47% (44 m until full)
Charging will stop at 80% to protect your battery.

Charging (43 m until full):
47% (43 m until full)
Charging will stop at 80% to protect your battery.

Charging (43 m until full):
47% (43 m until full)
Charging will stop at 80% to protect your battery.

Charging (43 m until full):
48% (43 m until full)
Charging will stop at 80% to protect your battery.

Charging (43 m until full):
48% (43 m until full)
Charging will stop at 80% to protect your battery.

Charging (43 m until full):
48% (43 m until full)
Charging will stop at 80% to protect your battery.

Charging (43 m until full):
48% (43 m until full)
Charging will stop at 80% to protect your battery.

Charging (43 m until full):
48% (43 m until full)
Charging will stop at 80% to protect your battery.

Charging (42 m until full):
48% (42 m until full)
Charging will stop at 80% to protect your battery.

Charging (42 m until full):
48% (42 m until full)
Charging will stop at 80% to protect your battery.

Charging (42 m until full):
49% (42 m until full)
Charging will stop at 80% to protect your battery.

recv: Connection reset by peer
Charging (41 m until full):
49% (41 m until full)
Charging will stop at 80% to protect your battery.

Charging (41 m until full):
49% (41 m until full)
Charging will stop at 80% to protect your battery.

Charging (39 m until full):
51% (39 m until full)
Charging will stop at 80% to protect your battery.

Charging (39 m until full):
51% (39 m until full)
Charging will stop at 80% to protect your battery.

Charging (39 m until full):
51% (39 m until full)
Charging will stop at 80% to protect your battery.

Charging (39 m until full):
51% (39 m until full)
Charging will stop at 80% to protect your battery.

Charging (38 m until full):
51% (38 m until full)
Charging will stop at 80% to protect your battery.

Charging (38 m until full):
51% (38 m until full)
Charging will stop at 80% to protect your battery.

Charging (38 m until full):
51% (38 m until full)
Charging will stop at 80% to protect your battery.

Charging (38 m until full):
52% (38 m until full)
Charging will stop at 80% to protect your battery.

Charging (38 m until full):
52% (38 m until full)
Charging will stop at 80% to protect your battery.

Charging (38 m until full):
52% (38 m until full)
Charging will stop at 80% to protect your battery.

Charging (37 m until full):
52% (37 m until full)
Charging will stop at 80% to protect your battery.

Charging (37 m until full):
52% (37 m until full)
Charging will stop at 80% to protect your battery.

Charging (37 m until full):
52% (37 m until full)
Charging will stop at 80% to protect your battery.

Charging (37 m until full):
52% (37 m until full)
Charging will stop at 80% to protect your battery.

Charging (37 m until full):
52% (37 m until full)
Charging will stop at 80% to protect your battery.

Charging (37 m until full):
52% (37 m until full)
Charging will stop at 80% to protect your battery.

Charging (37 m until full):
52% (37 m until full)
Charging will stop at 80% to protect your battery.

Charging (37 m until full):
53% (37 m until full)
Charging will stop at 80% to protect your battery.

Charging (36 m until full):
53% (36 m until full)
Charging will stop at 80% to protect your battery.

Charging (36 m until full):
53% (36 m until full)
Charging will stop at 80% to protect your battery.

Charging (36 m until full):
53% (36 m until full)
Charging will stop at 80% to protect your battery.

Charging (36 m until full):
53% (36 m until full)
Charging will stop at 80% to protect your battery.

Charging (36 m until full):
53% (36 m until full)
Charging will stop at 80% to protect your battery.

Charging (36 m until full):
53% (36 m until full)
Charging will stop at 80% to protect your battery.

Charging (36 m until full):
53% (36 m until full)
Charging will stop at 80% to protect your battery.

Charging (35 m until full):
53% (35 m until full)
Charging will stop at 80% to protect your battery.

Charging (35 m until full):
54% (35 m until full)
Charging will stop at 80% to protect your battery.

Charging (35 m until full):
54% (35 m until full)
Charging will stop at 80% to protect your battery.

Charging (35 m until full):
54% (35 m until full)
Charging will stop at 80% to protect your battery.

Charging (34 m until full):
54% (34 m until full)
Charging will stop at 80% to protect your battery.

Charging (34 m until full):
55% (34 m until full)
Charging will stop at 80% to protect your battery.

Charging (34 m until full):
55% (34 m until full)
Charging will stop at 80% to protect your battery.

Charging (33 m until full):
55% (33 m until full)
Charging will stop at 80% to protect your battery.

Charging (35 m until full):
55% (35 m until full)
Charging will stop at 80% to protect your battery.

Charging (35 m until full):
55% (35 m until full)
Charging will stop at 80% to protect your battery.

Charging (35 m until full):
55% (35 m until full)
Charging will stop at 80% to protect your battery.

Charging (35 m until full):
55% (35 m until full)
Charging will stop at 80% to protect your battery.

Charging (35 m until full):
55% (35 m until full)
Charging will stop at 80% to protect your battery.

Charging (34 m until full):
56% (34 m until full)
Charging will stop at 80% to protect your battery.

Charging (34 m until full):
56% (34 m until full)
Charging will stop at 80% to protect your battery.

Charging (34 m until full):
56% (34 m until full)
Charging will stop at 80% to protect your battery.

Charging (34 m until full):
56% (34 m until full)
Charging will stop at 80% to protect your battery.

Charging (34 m until full):
56% (34 m until full)
Charging will stop at 80% to protect your battery.

Charging (34 m until full):
56% (34 m until full)
Charging will stop at 80% to protect your battery.

Charging (34 m until full):
56% (34 m until full)
Charging will stop at 80% to protect your battery.

Charging (33 m until full):
56% (33 m until full)
Charging will stop at 80% to protect your battery.

Alarm:
Alarm set for 17:30. Select to cancel.

Alarm:
Alarm set for 17:30. Select to cancel.

Charging (33 m until full):
56% (33 m until full)
Charging will stop at 80% to protect your battery.

Charging (33 m until full):
56% (33 m until full)
Charging will stop at 80% to protect your battery.

recv: Connection reset by peer
Charging (33 m until full):
56% (33 m until full)
Charging will stop at 80% to protect your battery.
Charging (33 m until full):
57% (33 m until full)
Charging will stop at 80% to protect your battery.

Charging (33 m until full):
57% (33 m until full)
Charging will stop at 80% to protect your battery.

Charging (33 m until full):
57% (33 m until full)
Charging will stop at 80% to protect your battery.

Charging (33 m until full):
57% (33 m until full)
Charging will stop at 80% to protect your battery.

Charging (33 m until full):
57% (33 m until full)
Charging will stop at 80% to protect your battery.

Charging (32 m until full):
57% (32 m until full)
Charging will stop at 80% to protect your battery.

Charging (32 m until full):
57% (32 m until full)
Charging will stop at 80% to protect your battery.

Charging (32 m until full):
57% (32 m until full)
Charging will stop at 80% to protect your battery.

Charging (32 m until full):
57% (32 m until full)
Charging will stop at 80% to protect your battery.

Charging (32 m until full):
57% (32 m until full)
Charging will stop at 80% to protect your battery.

Charging started (1 h 51 m until full):
57% (1 h 51 m until full)
Charging will stop at 80% to protect your battery.

USB for charging phone:
Tap for other USB options.

Charging (1 h 51 m until full):
57% (1 h 51 m until full)
Charging will stop at 80% to protect your battery.

Charging (1 h 50 m until full):
58% (1 h 50 m until full)
Charging will stop at 80% to protect your battery.

Charging started (1 h 50 m until full):
58% (1 h 50 m until full)
Charging will stop at 80% to protect your battery.
USB for charging phone:
Tap for other USB options.
Charging started (1 h 50 m until full):
58% (1 h 50 m until full)
Charging will stop at 80% to protect your battery.
USB for charging phone:
Tap for other USB options.

recv: Resource temporarily unavailable
recv: Resource temporarily unavailable
Charging (1 h 50 m until full):
58% (1 h 50 m until full)
Charging will stop at 80% to protect your battery.
Charging (1 h 50 m until full):
58% (1 h 50 m until full)
Charging will stop at 80% to protect your battery.

recv: Resource temporarily unavailable
recv: Resource temporarily unavailable
Charging (1 h 50 m until full):
58% (1 h 50 m until full)
Charging will stop at 80% to protect your battery.

recv: Connection reset by peer
recv: Connection reset by peer
Charging (1 h 49 m until full):
58% (1 h 49 m until full)
Charging will stop at 80% to protect your battery.
Charging (1 h 49 m until full):
58% (1 h 49 m until full)
Charging will stop at 80% to protect your battery.

Charging (1 h 49 m until full):
58% (1 h 49 m until full)
Charging will stop at 80% to protect your battery.

Charging started (1 h 49 m until full):
58% (1 h 49 m until full)
Charging will stop at 80% to protect your battery.

Charging (1 h 49 m until full):
58% (1 h 49 m until full)
Charging will stop at 80% to protect your battery.

Charging (1 h 48 m until full):
58% (1 h 48 m until full)
Charging will stop at 80% to protect your battery.

Updating Digital Wellbeing…:
null

Charging started (1 h 48 m until full):
58% (1 h 48 m until full)
Charging will stop at 80% to protect your battery.

Charging (1 h 48 m until full):
58% (1 h 48 m until full)
Charging will stop at 80% to protect your battery.

Charging (1 h 47 m until full):
58% (1 h 47 m until full)
Charging will stop at 80% to protect your battery.

Charging (1 h 47 m until full):
58% (1 h 47 m until full)
Charging will stop at 80% to protect your battery.

Charging (1 h 46 m until full):
58% (1 h 46 m until full)
Charging will stop at 80% to protect your battery.

Charging (1 h 46 m until full):
58% (1 h 46 m until full)
Charging will stop at 80% to protect your battery.

Charging started (29 m until full):
58% (29 m until full)
Charging will stop at 80% to protect your battery.

Charging (29 m until full):
58% (29 m until full)
Charging will stop at 80% to protect your battery.

Charging started (1 h 45 m until full):
59% (1 h 45 m until full)
Charging will stop at 80% to protect your battery.

Charging (1 h 45 m until full):
59% (1 h 45 m until full)
Charging will stop at 80% to protect your battery.

Updating Digital Wellbeing…:
null

